<?xml version="1.0" encoding="UTF-8"?>
<!-- Generated by org.testng.reporters.JUnitReportReporter -->
<testsuite skipped="0" hostname="LAPTOP-5HASLBE2" name="com.test.qa.testcases.HomePageTest" tests="4" failures="0" timestamp="02 Jul 2020 07:03:02 GMT" time="64.517" errors="0">
  <testcase name="verifyHomePageTitleTest" time="14.801" classname="com.test.qa.testcases.HomePageTest"/>
  <testcase name="verifyHomePageImgTest" time="15.141" classname="com.test.qa.testcases.HomePageTest"/>
  <testcase name="verifyContactLinkHomePageTest" time="13.649" classname="com.test.qa.testcases.HomePageTest"/>
  <testcase name="verifySigninLinkHomePageTest" time="20.926" classname="com.test.qa.testcases.HomePageTest"/>
</testsuite> <!-- com.test.qa.testcases.HomePageTest -->
